2025-09-17 17:45:57.883 [info] [main] Log level: Info
2025-09-17 17:45:57.883 [info] [main] Validating found git in: "git"
2025-09-17 17:45:57.942 [info] [main] Using git "2.51.0" from "git"
2025-09-17 17:45:57.942 [info] [Model][doInitialScan] Initial repository scan started
2025-09-17 17:45:57.972 [info] > git rev-parse --show-toplevel [11ms]
2025-09-17 17:45:57.995 [info] > git rev-parse --git-dir --git-common-dir --show-superproject-working-tree [5ms]
2025-09-17 17:45:58.019 [info] [Model][openRepository] Opened repository (path): /home/leozin/trab-distribuidos
2025-09-17 17:45:58.019 [info] [Model][openRepository] Opened repository (real path): /home/leozin/trab-distribuidos
2025-09-17 17:45:58.019 [info] [Model][openRepository] Opened repository (kind): repository
2025-09-17 17:45:58.044 [info] > git rev-parse --show-toplevel [5ms]
2025-09-17 17:45:58.046 [info] > git config --get commit.template [13ms]
2025-09-17 17:45:58.074 [info] > git rev-parse --show-toplevel [18ms]
2025-09-17 17:45:58.141 [info] > git for-each-ref --format=%(refname)%00%(upstream:short)%00%(objectname)%00%(upstream:track)%00%(upstream:remotename)%00%(upstream:remoteref) refs/heads/feat/chandy-lamport-snapshot refs/remotes/feat/chandy-lamport-snapshot [72ms]
2025-09-17 17:45:58.175 [warning] [Git][revParse] Unable to read file: ENOENT: no such file or directory, open '/home/leozin/trab-distribuidos/.git/refs/remotes/origin/feat/chandy-lamport-snapshot'
2025-09-17 17:45:58.177 [info] > git rev-parse --show-toplevel [36ms]
2025-09-17 17:45:58.178 [info] [Model][doInitialScan] Initial repository scan completed - repositories (1), closed repositories (0), parent repositories (0), unsafe repositories (0)
2025-09-17 17:45:58.180 [info] > git rev-parse refs/remotes/origin/feat/chandy-lamport-snapshot [5ms]
2025-09-17 17:45:58.202 [info] > git for-each-ref --sort -committerdate --format %(refname)%00%(objectname)%00%(*objectname) [3ms]
2025-09-17 17:45:58.258 [info] > git status -z -uall [69ms]
2025-09-17 17:45:58.310 [info] > git for-each-ref --format=%(refname)%00%(upstream:short)%00%(objectname)%00%(upstream:track)%00%(upstream:remotename)%00%(upstream:remoteref) refs/heads/feat/chandy-lamport-snapshot refs/remotes/feat/chandy-lamport-snapshot [13ms]
2025-09-17 17:45:58.328 [info] > git config --get --local branch.feat/chandy-lamport-snapshot.vscode-merge-base [9ms]
2025-09-17 17:45:58.328 [warning] [Git][config] git config failed: Failed to execute git
2025-09-17 17:45:58.339 [info] > git config --get commit.template [30ms]
2025-09-17 17:45:58.355 [info] > git for-each-ref --format=%(refname)%00%(upstream:short)%00%(objectname)%00%(upstream:track)%00%(upstream:remotename)%00%(upstream:remoteref) refs/heads/feat/chandy-lamport-snapshot refs/remotes/feat/chandy-lamport-snapshot [3ms]
2025-09-17 17:45:58.356 [info] > git reflog feat/chandy-lamport-snapshot --grep-reflog=branch: Created from *. [18ms]
2025-09-17 17:45:58.434 [warning] [Git][revParse] Unable to read file: ENOENT: no such file or directory, open '/home/leozin/trab-distribuidos/.git/refs/remotes/origin/feat/chandy-lamport-snapshot'
2025-09-17 17:45:58.435 [info] > git for-each-ref --format=%(refname)%00%(upstream:short)%00%(objectname)%00%(upstream:track)%00%(upstream:remotename)%00%(upstream:remoteref) refs/remotes/origin/feat/chandy-lamport-snapshot [66ms]
2025-09-17 17:45:58.450 [info] > git config --add --local branch.feat/chandy-lamport-snapshot.vscode-merge-base origin/feat/chandy-lamport-snapshot [7ms]
2025-09-17 17:45:58.451 [info] > git rev-parse refs/remotes/origin/feat/chandy-lamport-snapshot [17ms]
2025-09-17 17:45:58.468 [info] > git config --get commit.template [6ms]
2025-09-17 17:45:58.481 [info] > git for-each-ref --format=%(refname)%00%(upstream:short)%00%(objectname)%00%(upstream:track)%00%(upstream:remotename)%00%(upstream:remoteref) refs/heads/feat/chandy-lamport-snapshot refs/remotes/feat/chandy-lamport-snapshot [6ms]
2025-09-17 17:45:58.491 [warning] [Git][revParse] Unable to read file: ENOENT: no such file or directory, open '/home/leozin/trab-distribuidos/.git/refs/remotes/origin/feat/chandy-lamport-snapshot'
2025-09-17 17:45:58.493 [info] > git rev-parse refs/remotes/origin/feat/chandy-lamport-snapshot [2ms]
2025-09-17 17:45:58.510 [info] > git for-each-ref --sort -committerdate --format %(refname)%00%(objectname)%00%(*objectname) [2ms]
2025-09-17 17:45:58.546 [info] > git status -z -uall [46ms]
2025-09-17 17:45:58.569 [info] > git merge-base refs/heads/feat/chandy-lamport-snapshot refs/remotes/origin/feat/chandy-lamport-snapshot [9ms]
2025-09-17 17:45:58.580 [info] > git diff --name-status -z --diff-filter=ADMR e776ae36332af45823a7084dc89c61d66ccd1ef8...refs/remotes/origin/feat/chandy-lamport-snapshot [3ms]
2025-09-17 17:45:58.581 [info] > git merge-base refs/heads/feat/chandy-lamport-snapshot refs/remotes/origin/feat/chandy-lamport-snapshot [13ms]
2025-09-17 17:45:58.602 [info] > git diff --name-status -z --diff-filter=ADMR e776ae36332af45823a7084dc89c61d66ccd1ef8...refs/remotes/origin/feat/chandy-lamport-snapshot [13ms]
2025-09-17 17:45:58.604 [info] > git check-ignore -v -z --stdin [7ms]
2025-09-17 17:46:24.109 [info] > git check-ignore -v -z --stdin [3ms]
2025-09-17 17:46:33.849 [info] > git config --get commit.template [12ms]
2025-09-17 17:46:33.850 [info] > git for-each-ref --format=%(refname)%00%(upstream:short)%00%(objectname)%00%(upstream:track)%00%(upstream:remotename)%00%(upstream:remoteref) refs/heads/feat/chandy-lamport-snapshot refs/remotes/feat/chandy-lamport-snapshot [3ms]
2025-09-17 17:46:33.860 [warning] [Git][revParse] Unable to read file: ENOENT: no such file or directory, open '/home/leozin/trab-distribuidos/.git/refs/remotes/origin/feat/chandy-lamport-snapshot'
2025-09-17 17:46:33.864 [info] > git rev-parse refs/remotes/origin/feat/chandy-lamport-snapshot [3ms]
2025-09-17 17:46:33.903 [info] > git for-each-ref --sort -committerdate --format %(refname)%00%(objectname)%00%(*objectname) [5ms]
2025-09-17 17:46:33.952 [info] > git status -z -uall [71ms]
2025-09-17 17:46:38.981 [info] > git config --get commit.template [9ms]
2025-09-17 17:46:38.982 [info] > git for-each-ref --format=%(refname)%00%(upstream:short)%00%(objectname)%00%(upstream:track)%00%(upstream:remotename)%00%(upstream:remoteref) refs/heads/feat/chandy-lamport-snapshot refs/remotes/feat/chandy-lamport-snapshot [3ms]
2025-09-17 17:46:38.994 [warning] [Git][revParse] Unable to read file: ENOENT: no such file or directory, open '/home/leozin/trab-distribuidos/.git/refs/remotes/origin/feat/chandy-lamport-snapshot'
2025-09-17 17:46:38.996 [info] > git rev-parse refs/remotes/origin/feat/chandy-lamport-snapshot [2ms]
2025-09-17 17:46:39.021 [info] > git for-each-ref --sort -committerdate --format %(refname)%00%(objectname)%00%(*objectname) [6ms]
2025-09-17 17:46:39.053 [info] > git status -z -uall [48ms]
2025-09-17 17:46:44.071 [info] > git config --get commit.template [4ms]
2025-09-17 17:46:44.081 [info] > git for-each-ref --format=%(refname)%00%(upstream:short)%00%(objectname)%00%(upstream:track)%00%(upstream:remotename)%00%(upstream:remoteref) refs/heads/feat/chandy-lamport-snapshot refs/remotes/feat/chandy-lamport-snapshot [3ms]
2025-09-17 17:46:44.088 [warning] [Git][revParse] Unable to read file: ENOENT: no such file or directory, open '/home/leozin/trab-distribuidos/.git/refs/remotes/origin/feat/chandy-lamport-snapshot'
2025-09-17 17:46:44.090 [info] > git rev-parse refs/remotes/origin/feat/chandy-lamport-snapshot [2ms]
2025-09-17 17:46:44.108 [info] > git for-each-ref --sort -committerdate --format %(refname)%00%(objectname)%00%(*objectname) [3ms]
2025-09-17 17:46:44.140 [info] > git status -z -uall [43ms]
2025-09-17 17:46:49.244 [info] > git config --get commit.template [3ms]
2025-09-17 17:46:49.253 [info] > git for-each-ref --format=%(refname)%00%(upstream:short)%00%(objectname)%00%(upstream:track)%00%(upstream:remotename)%00%(upstream:remoteref) refs/heads/feat/chandy-lamport-snapshot refs/remotes/feat/chandy-lamport-snapshot [2ms]
2025-09-17 17:46:49.261 [warning] [Git][revParse] Unable to read file: ENOENT: no such file or directory, open '/home/leozin/trab-distribuidos/.git/refs/remotes/origin/feat/chandy-lamport-snapshot'
2025-09-17 17:46:49.263 [info] > git rev-parse refs/remotes/origin/feat/chandy-lamport-snapshot [2ms]
2025-09-17 17:46:49.282 [info] > git for-each-ref --sort -committerdate --format %(refname)%00%(objectname)%00%(*objectname) [3ms]
2025-09-17 17:46:49.315 [info] > git status -z -uall [45ms]
2025-09-17 17:46:55.348 [info] > git config --get commit.template [10ms]
2025-09-17 17:46:55.349 [info] > git for-each-ref --format=%(refname)%00%(upstream:short)%00%(objectname)%00%(upstream:track)%00%(upstream:remotename)%00%(upstream:remoteref) refs/heads/feat/chandy-lamport-snapshot refs/remotes/feat/chandy-lamport-snapshot [2ms]
2025-09-17 17:46:55.357 [warning] [Git][revParse] Unable to read file: ENOENT: no such file or directory, open '/home/leozin/trab-distribuidos/.git/refs/remotes/origin/feat/chandy-lamport-snapshot'
2025-09-17 17:46:55.359 [info] > git rev-parse refs/remotes/origin/feat/chandy-lamport-snapshot [2ms]
2025-09-17 17:46:55.380 [info] > git for-each-ref --sort -committerdate --format %(refname)%00%(objectname)%00%(*objectname) [3ms]
2025-09-17 17:46:55.413 [info] > git status -z -uall [46ms]
2025-09-17 17:47:17.340 [info] > git config --get commit.template [10ms]
2025-09-17 17:47:17.340 [info] > git for-each-ref --format=%(refname)%00%(upstream:short)%00%(objectname)%00%(upstream:track)%00%(upstream:remotename)%00%(upstream:remoteref) refs/heads/feat/chandy-lamport-snapshot refs/remotes/feat/chandy-lamport-snapshot [2ms]
2025-09-17 17:47:17.348 [warning] [Git][revParse] Unable to read file: ENOENT: no such file or directory, open '/home/leozin/trab-distribuidos/.git/refs/remotes/origin/feat/chandy-lamport-snapshot'
2025-09-17 17:47:17.349 [info] > git rev-parse refs/remotes/origin/feat/chandy-lamport-snapshot [2ms]
2025-09-17 17:47:17.367 [info] > git for-each-ref --sort -committerdate --format %(refname)%00%(objectname)%00%(*objectname) [2ms]
2025-09-17 17:47:17.400 [info] > git status -z -uall [43ms]
2025-09-17 17:47:59.253 [info] > git config --get commit.template [8ms]
2025-09-17 17:47:59.254 [info] > git for-each-ref --format=%(refname)%00%(upstream:short)%00%(objectname)%00%(upstream:track)%00%(upstream:remotename)%00%(upstream:remoteref) refs/heads/feat/chandy-lamport-snapshot refs/remotes/feat/chandy-lamport-snapshot [2ms]
2025-09-17 17:47:59.262 [warning] [Git][revParse] Unable to read file: ENOENT: no such file or directory, open '/home/leozin/trab-distribuidos/.git/refs/remotes/origin/feat/chandy-lamport-snapshot'
2025-09-17 17:47:59.264 [info] > git rev-parse refs/remotes/origin/feat/chandy-lamport-snapshot [2ms]
2025-09-17 17:47:59.282 [info] > git for-each-ref --sort -committerdate --format %(refname)%00%(objectname)%00%(*objectname) [3ms]
2025-09-17 17:47:59.322 [info] > git status -z -uall [51ms]
2025-09-17 17:48:09.254 [info] > git config --get commit.template [8ms]
2025-09-17 17:48:09.256 [info] > git for-each-ref --format=%(refname)%00%(upstream:short)%00%(objectname)%00%(upstream:track)%00%(upstream:remotename)%00%(upstream:remoteref) refs/heads/feat/chandy-lamport-snapshot refs/remotes/feat/chandy-lamport-snapshot [2ms]
2025-09-17 17:48:09.263 [warning] [Git][revParse] Unable to read file: ENOENT: no such file or directory, open '/home/leozin/trab-distribuidos/.git/refs/remotes/origin/feat/chandy-lamport-snapshot'
2025-09-17 17:48:09.265 [info] > git rev-parse refs/remotes/origin/feat/chandy-lamport-snapshot [2ms]
2025-09-17 17:48:09.283 [info] > git for-each-ref --sort -committerdate --format %(refname)%00%(objectname)%00%(*objectname) [3ms]
2025-09-17 17:48:09.315 [info] > git status -z -uall [43ms]
2025-09-17 17:48:14.329 [info] > git config --get commit.template [2ms]
2025-09-17 17:48:14.338 [info] > git for-each-ref --format=%(refname)%00%(upstream:short)%00%(objectname)%00%(upstream:track)%00%(upstream:remotename)%00%(upstream:remoteref) refs/heads/feat/chandy-lamport-snapshot refs/remotes/feat/chandy-lamport-snapshot [3ms]
2025-09-17 17:48:14.345 [warning] [Git][revParse] Unable to read file: ENOENT: no such file or directory, open '/home/leozin/trab-distribuidos/.git/refs/remotes/origin/feat/chandy-lamport-snapshot'
2025-09-17 17:48:14.347 [info] > git rev-parse refs/remotes/origin/feat/chandy-lamport-snapshot [2ms]
2025-09-17 17:48:14.364 [info] > git for-each-ref --sort -committerdate --format %(refname)%00%(objectname)%00%(*objectname) [3ms]
2025-09-17 17:48:14.406 [info] > git status -z -uall [52ms]
2025-09-17 17:48:19.428 [info] > git config --get commit.template [9ms]
2025-09-17 17:48:19.430 [info] > git for-each-ref --format=%(refname)%00%(upstream:short)%00%(objectname)%00%(upstream:track)%00%(upstream:remotename)%00%(upstream:remoteref) refs/heads/feat/chandy-lamport-snapshot refs/remotes/feat/chandy-lamport-snapshot [3ms]
2025-09-17 17:48:19.438 [warning] [Git][revParse] Unable to read file: ENOENT: no such file or directory, open '/home/leozin/trab-distribuidos/.git/refs/remotes/origin/feat/chandy-lamport-snapshot'
2025-09-17 17:48:19.439 [info] > git rev-parse refs/remotes/origin/feat/chandy-lamport-snapshot [2ms]
2025-09-17 17:48:19.457 [info] > git for-each-ref --sort -committerdate --format %(refname)%00%(objectname)%00%(*objectname) [2ms]
2025-09-17 17:48:19.490 [info] > git status -z -uall [43ms]
2025-09-17 17:48:21.822 [info] > git show --textconv :resultadosSnapshots.txt [11ms]
2025-09-17 17:48:21.823 [info] > git ls-files --stage -- resultadosSnapshots.txt [2ms]
2025-09-17 17:48:21.833 [info] > git cat-file -s bfb3e674e9e5dfe1af6267a6019d9c583f694624 [2ms]
2025-09-17 17:48:23.016 [info] > git blame --root --incremental e776ae36332af45823a7084dc89c61d66ccd1ef8 -- resultadosSnapshots.txt [5ms]
2025-09-17 17:48:31.626 [info] > git config --get commit.template [11ms]
2025-09-17 17:48:31.627 [info] > git for-each-ref --format=%(refname)%00%(upstream:short)%00%(objectname)%00%(upstream:track)%00%(upstream:remotename)%00%(upstream:remoteref) refs/heads/feat/chandy-lamport-snapshot refs/remotes/feat/chandy-lamport-snapshot [3ms]
2025-09-17 17:48:31.636 [warning] [Git][revParse] Unable to read file: ENOENT: no such file or directory, open '/home/leozin/trab-distribuidos/.git/refs/remotes/origin/feat/chandy-lamport-snapshot'
2025-09-17 17:48:31.638 [info] > git rev-parse refs/remotes/origin/feat/chandy-lamport-snapshot [2ms]
2025-09-17 17:48:31.663 [info] > git for-each-ref --sort -committerdate --format %(refname)%00%(objectname)%00%(*objectname) [3ms]
2025-09-17 17:48:31.712 [info] > git status -z -uall [63ms]
2025-09-17 17:48:36.735 [info] > git config --get commit.template [9ms]
2025-09-17 17:48:36.736 [info] > git for-each-ref --format=%(refname)%00%(upstream:short)%00%(objectname)%00%(upstream:track)%00%(upstream:remotename)%00%(upstream:remoteref) refs/heads/feat/chandy-lamport-snapshot refs/remotes/feat/chandy-lamport-snapshot [3ms]
2025-09-17 17:48:36.743 [warning] [Git][revParse] Unable to read file: ENOENT: no such file or directory, open '/home/leozin/trab-distribuidos/.git/refs/remotes/origin/feat/chandy-lamport-snapshot'
2025-09-17 17:48:36.745 [info] > git rev-parse refs/remotes/origin/feat/chandy-lamport-snapshot [2ms]
2025-09-17 17:48:36.762 [info] > git for-each-ref --sort -committerdate --format %(refname)%00%(objectname)%00%(*objectname) [2ms]
2025-09-17 17:48:36.801 [info] > git status -z -uall [48ms]
2025-09-17 17:48:46.258 [info] > git config --get commit.template [9ms]
2025-09-17 17:48:46.259 [info] > git for-each-ref --format=%(refname)%00%(upstream:short)%00%(objectname)%00%(upstream:track)%00%(upstream:remotename)%00%(upstream:remoteref) refs/heads/feat/chandy-lamport-snapshot refs/remotes/feat/chandy-lamport-snapshot [2ms]
2025-09-17 17:48:46.268 [warning] [Git][revParse] Unable to read file: ENOENT: no such file or directory, open '/home/leozin/trab-distribuidos/.git/refs/remotes/origin/feat/chandy-lamport-snapshot'
2025-09-17 17:48:46.270 [info] > git rev-parse refs/remotes/origin/feat/chandy-lamport-snapshot [2ms]
2025-09-17 17:48:46.288 [info] > git for-each-ref --sort -committerdate --format %(refname)%00%(objectname)%00%(*objectname) [3ms]
2025-09-17 17:48:46.329 [info] > git status -z -uall [52ms]
2025-09-17 17:48:51.351 [info] > git config --get commit.template [8ms]
2025-09-17 17:48:51.353 [info] > git for-each-ref --format=%(refname)%00%(upstream:short)%00%(objectname)%00%(upstream:track)%00%(upstream:remotename)%00%(upstream:remoteref) refs/heads/feat/chandy-lamport-snapshot refs/remotes/feat/chandy-lamport-snapshot [3ms]
2025-09-17 17:48:51.360 [warning] [Git][revParse] Unable to read file: ENOENT: no such file or directory, open '/home/leozin/trab-distribuidos/.git/refs/remotes/origin/feat/chandy-lamport-snapshot'
2025-09-17 17:48:51.361 [info] > git rev-parse refs/remotes/origin/feat/chandy-lamport-snapshot [2ms]
2025-09-17 17:48:51.381 [info] > git for-each-ref --sort -committerdate --format %(refname)%00%(objectname)%00%(*objectname) [3ms]
2025-09-17 17:48:51.421 [info] > git status -z -uall [52ms]
2025-09-17 17:48:56.443 [info] > git config --get commit.template [9ms]
2025-09-17 17:48:56.444 [info] > git for-each-ref --format=%(refname)%00%(upstream:short)%00%(objectname)%00%(upstream:track)%00%(upstream:remotename)%00%(upstream:remoteref) refs/heads/feat/chandy-lamport-snapshot refs/remotes/feat/chandy-lamport-snapshot [3ms]
2025-09-17 17:48:56.451 [warning] [Git][revParse] Unable to read file: ENOENT: no such file or directory, open '/home/leozin/trab-distribuidos/.git/refs/remotes/origin/feat/chandy-lamport-snapshot'
2025-09-17 17:48:56.452 [info] > git rev-parse refs/remotes/origin/feat/chandy-lamport-snapshot [2ms]
2025-09-17 17:48:56.470 [info] > git for-each-ref --sort -committerdate --format %(refname)%00%(objectname)%00%(*objectname) [2ms]
2025-09-17 17:48:56.502 [info] > git status -z -uall [42ms]
2025-09-17 17:49:01.524 [info] > git config --get commit.template [3ms]
2025-09-17 17:49:01.537 [info] > git for-each-ref --format=%(refname)%00%(upstream:short)%00%(objectname)%00%(upstream:track)%00%(upstream:remotename)%00%(upstream:remoteref) refs/heads/feat/chandy-lamport-snapshot refs/remotes/feat/chandy-lamport-snapshot [3ms]
2025-09-17 17:49:01.547 [warning] [Git][revParse] Unable to read file: ENOENT: no such file or directory, open '/home/leozin/trab-distribuidos/.git/refs/remotes/origin/feat/chandy-lamport-snapshot'
2025-09-17 17:49:01.551 [info] > git rev-parse refs/remotes/origin/feat/chandy-lamport-snapshot [5ms]
2025-09-17 17:49:01.573 [info] > git for-each-ref --sort -committerdate --format %(refname)%00%(objectname)%00%(*objectname) [5ms]
2025-09-17 17:49:01.596 [info] > git show --textconv :checkSnapshots.go [10ms]
2025-09-17 17:49:01.598 [info] > git ls-files --stage -- checkSnapshots.go [3ms]
2025-09-17 17:49:01.608 [info] > git status -z -uall [49ms]
2025-09-17 17:49:01.615 [info] > git cat-file -s 56e6b60e52984c115a3137a3088941a3863afbfa [8ms]
2025-09-17 17:49:06.624 [info] > git config --get commit.template [3ms]
2025-09-17 17:49:06.635 [info] > git for-each-ref --format=%(refname)%00%(upstream:short)%00%(objectname)%00%(upstream:track)%00%(upstream:remotename)%00%(upstream:remoteref) refs/heads/feat/chandy-lamport-snapshot refs/remotes/feat/chandy-lamport-snapshot [2ms]
2025-09-17 17:49:06.643 [warning] [Git][revParse] Unable to read file: ENOENT: no such file or directory, open '/home/leozin/trab-distribuidos/.git/refs/remotes/origin/feat/chandy-lamport-snapshot'
2025-09-17 17:49:06.646 [info] > git rev-parse refs/remotes/origin/feat/chandy-lamport-snapshot [3ms]
2025-09-17 17:49:06.667 [info] > git for-each-ref --sort -committerdate --format %(refname)%00%(objectname)%00%(*objectname) [4ms]
2025-09-17 17:49:06.700 [info] > git status -z -uall [46ms]
2025-09-17 17:49:14.352 [info] > git config --get commit.template [10ms]
2025-09-17 17:49:14.354 [info] > git for-each-ref --format=%(refname)%00%(upstream:short)%00%(objectname)%00%(upstream:track)%00%(upstream:remotename)%00%(upstream:remoteref) refs/heads/feat/chandy-lamport-snapshot refs/remotes/feat/chandy-lamport-snapshot [3ms]
2025-09-17 17:49:14.363 [warning] [Git][revParse] Unable to read file: ENOENT: no such file or directory, open '/home/leozin/trab-distribuidos/.git/refs/remotes/origin/feat/chandy-lamport-snapshot'
2025-09-17 17:49:14.366 [info] > git rev-parse refs/remotes/origin/feat/chandy-lamport-snapshot [3ms]
2025-09-17 17:49:14.389 [info] > git for-each-ref --sort -committerdate --format %(refname)%00%(objectname)%00%(*objectname) [4ms]
2025-09-17 17:49:14.423 [info] > git status -z -uall [48ms]
2025-09-17 17:49:32.259 [info] > git config --get commit.template [8ms]
2025-09-17 17:49:32.260 [info] > git for-each-ref --format=%(refname)%00%(upstream:short)%00%(objectname)%00%(upstream:track)%00%(upstream:remotename)%00%(upstream:remoteref) refs/heads/feat/chandy-lamport-snapshot refs/remotes/feat/chandy-lamport-snapshot [2ms]
2025-09-17 17:49:32.267 [warning] [Git][revParse] Unable to read file: ENOENT: no such file or directory, open '/home/leozin/trab-distribuidos/.git/refs/remotes/origin/feat/chandy-lamport-snapshot'
2025-09-17 17:49:32.269 [info] > git rev-parse refs/remotes/origin/feat/chandy-lamport-snapshot [2ms]
2025-09-17 17:49:32.286 [info] > git for-each-ref --sort -committerdate --format %(refname)%00%(objectname)%00%(*objectname) [2ms]
2025-09-17 17:49:32.320 [info] > git status -z -uall [44ms]
2025-09-17 17:49:38.374 [info] > git config --get commit.template [10ms]
2025-09-17 17:49:38.375 [info] > git for-each-ref --format=%(refname)%00%(upstream:short)%00%(objectname)%00%(upstream:track)%00%(upstream:remotename)%00%(upstream:remoteref) refs/heads/feat/chandy-lamport-snapshot refs/remotes/feat/chandy-lamport-snapshot [3ms]
2025-09-17 17:49:38.383 [warning] [Git][revParse] Unable to read file: ENOENT: no such file or directory, open '/home/leozin/trab-distribuidos/.git/refs/remotes/origin/feat/chandy-lamport-snapshot'
2025-09-17 17:49:38.384 [info] > git rev-parse refs/remotes/origin/feat/chandy-lamport-snapshot [1ms]
2025-09-17 17:49:38.402 [info] > git for-each-ref --sort -committerdate --format %(refname)%00%(objectname)%00%(*objectname) [3ms]
2025-09-17 17:49:38.434 [info] > git status -z -uall [42ms]
2025-09-17 17:49:43.455 [info] > git config --get commit.template [10ms]
2025-09-17 17:49:43.456 [info] > git for-each-ref --format=%(refname)%00%(upstream:short)%00%(objectname)%00%(upstream:track)%00%(upstream:remotename)%00%(upstream:remoteref) refs/heads/feat/chandy-lamport-snapshot refs/remotes/feat/chandy-lamport-snapshot [2ms]
2025-09-17 17:49:43.463 [warning] [Git][revParse] Unable to read file: ENOENT: no such file or directory, open '/home/leozin/trab-distribuidos/.git/refs/remotes/origin/feat/chandy-lamport-snapshot'
2025-09-17 17:49:43.465 [info] > git rev-parse refs/remotes/origin/feat/chandy-lamport-snapshot [2ms]
2025-09-17 17:49:43.483 [info] > git for-each-ref --sort -committerdate --format %(refname)%00%(objectname)%00%(*objectname) [2ms]
2025-09-17 17:49:43.517 [info] > git status -z -uall [44ms]
2025-09-17 17:49:48.541 [info] > git config --get commit.template [10ms]
2025-09-17 17:49:48.542 [info] > git for-each-ref --format=%(refname)%00%(upstream:short)%00%(objectname)%00%(upstream:track)%00%(upstream:remotename)%00%(upstream:remoteref) refs/heads/feat/chandy-lamport-snapshot refs/remotes/feat/chandy-lamport-snapshot [2ms]
2025-09-17 17:49:48.549 [warning] [Git][revParse] Unable to read file: ENOENT: no such file or directory, open '/home/leozin/trab-distribuidos/.git/refs/remotes/origin/feat/chandy-lamport-snapshot'
2025-09-17 17:49:48.551 [info] > git rev-parse refs/remotes/origin/feat/chandy-lamport-snapshot [2ms]
2025-09-17 17:49:48.569 [info] > git for-each-ref --sort -committerdate --format %(refname)%00%(objectname)%00%(*objectname) [3ms]
2025-09-17 17:49:48.602 [info] > git status -z -uall [44ms]
2025-09-17 17:49:53.623 [info] > git config --get commit.template [9ms]
2025-09-17 17:49:53.624 [info] > git for-each-ref --format=%(refname)%00%(upstream:short)%00%(objectname)%00%(upstream:track)%00%(upstream:remotename)%00%(upstream:remoteref) refs/heads/feat/chandy-lamport-snapshot refs/remotes/feat/chandy-lamport-snapshot [2ms]
2025-09-17 17:49:53.633 [warning] [Git][revParse] Unable to read file: ENOENT: no such file or directory, open '/home/leozin/trab-distribuidos/.git/refs/remotes/origin/feat/chandy-lamport-snapshot'
2025-09-17 17:49:53.635 [info] > git rev-parse refs/remotes/origin/feat/chandy-lamport-snapshot [2ms]
2025-09-17 17:49:53.654 [info] > git for-each-ref --sort -committerdate --format %(refname)%00%(objectname)%00%(*objectname) [3ms]
2025-09-17 17:49:53.698 [info] > git status -z -uall [55ms]
2025-09-17 17:50:03.322 [info] > git config --get commit.template [12ms]
2025-09-17 17:50:03.323 [info] > git for-each-ref --format=%(refname)%00%(upstream:short)%00%(objectname)%00%(upstream:track)%00%(upstream:remotename)%00%(upstream:remoteref) refs/heads/feat/chandy-lamport-snapshot refs/remotes/feat/chandy-lamport-snapshot [3ms]
2025-09-17 17:50:03.330 [warning] [Git][revParse] Unable to read file: ENOENT: no such file or directory, open '/home/leozin/trab-distribuidos/.git/refs/remotes/origin/feat/chandy-lamport-snapshot'
2025-09-17 17:50:03.333 [info] > git rev-parse refs/remotes/origin/feat/chandy-lamport-snapshot [3ms]
2025-09-17 17:50:03.351 [info] > git for-each-ref --sort -committerdate --format %(refname)%00%(objectname)%00%(*objectname) [2ms]
2025-09-17 17:50:03.394 [info] > git status -z -uall [54ms]
2025-09-17 17:50:13.372 [info] > git config --get commit.template [2ms]
2025-09-17 17:50:13.381 [info] > git for-each-ref --format=%(refname)%00%(upstream:short)%00%(objectname)%00%(upstream:track)%00%(upstream:remotename)%00%(upstream:remoteref) refs/heads/feat/chandy-lamport-snapshot refs/remotes/feat/chandy-lamport-snapshot [3ms]
2025-09-17 17:50:13.389 [warning] [Git][revParse] Unable to read file: ENOENT: no such file or directory, open '/home/leozin/trab-distribuidos/.git/refs/remotes/origin/feat/chandy-lamport-snapshot'
2025-09-17 17:50:13.391 [info] > git rev-parse refs/remotes/origin/feat/chandy-lamport-snapshot [2ms]
2025-09-17 17:50:13.410 [info] > git for-each-ref --sort -committerdate --format %(refname)%00%(objectname)%00%(*objectname) [3ms]
2025-09-17 17:50:13.453 [info] > git status -z -uall [54ms]
2025-09-17 17:50:27.381 [info] > git config --get commit.template [10ms]
2025-09-17 17:50:27.382 [info] > git for-each-ref --format=%(refname)%00%(upstream:short)%00%(objectname)%00%(upstream:track)%00%(upstream:remotename)%00%(upstream:remoteref) refs/heads/feat/chandy-lamport-snapshot refs/remotes/feat/chandy-lamport-snapshot [2ms]
2025-09-17 17:50:27.390 [warning] [Git][revParse] Unable to read file: ENOENT: no such file or directory, open '/home/leozin/trab-distribuidos/.git/refs/remotes/origin/feat/chandy-lamport-snapshot'
2025-09-17 17:50:27.392 [info] > git rev-parse refs/remotes/origin/feat/chandy-lamport-snapshot [2ms]
2025-09-17 17:50:27.410 [info] > git for-each-ref --sort -committerdate --format %(refname)%00%(objectname)%00%(*objectname) [3ms]
2025-09-17 17:50:27.454 [info] > git status -z -uall [54ms]
2025-09-17 17:50:48.289 [info] > git config --get commit.template [9ms]
2025-09-17 17:50:48.290 [info] > git for-each-ref --format=%(refname)%00%(upstream:short)%00%(objectname)%00%(upstream:track)%00%(upstream:remotename)%00%(upstream:remoteref) refs/heads/feat/chandy-lamport-snapshot refs/remotes/feat/chandy-lamport-snapshot [2ms]
2025-09-17 17:50:48.298 [warning] [Git][revParse] Unable to read file: ENOENT: no such file or directory, open '/home/leozin/trab-distribuidos/.git/refs/remotes/origin/feat/chandy-lamport-snapshot'
2025-09-17 17:50:48.299 [info] > git rev-parse refs/remotes/origin/feat/chandy-lamport-snapshot [1ms]
2025-09-17 17:50:48.317 [info] > git for-each-ref --sort -committerdate --format %(refname)%00%(objectname)%00%(*objectname) [2ms]
2025-09-17 17:50:48.356 [info] > git status -z -uall [49ms]
2025-09-17 17:50:54.289 [info] > git config --get commit.template [8ms]
2025-09-17 17:50:54.290 [info] > git for-each-ref --format=%(refname)%00%(upstream:short)%00%(objectname)%00%(upstream:track)%00%(upstream:remotename)%00%(upstream:remoteref) refs/heads/feat/chandy-lamport-snapshot refs/remotes/feat/chandy-lamport-snapshot [2ms]
2025-09-17 17:50:54.298 [warning] [Git][revParse] Unable to read file: ENOENT: no such file or directory, open '/home/leozin/trab-distribuidos/.git/refs/remotes/origin/feat/chandy-lamport-snapshot'
2025-09-17 17:50:54.300 [info] > git rev-parse refs/remotes/origin/feat/chandy-lamport-snapshot [1ms]
2025-09-17 17:50:54.317 [info] > git for-each-ref --sort -committerdate --format %(refname)%00%(objectname)%00%(*objectname) [2ms]
2025-09-17 17:50:54.357 [info] > git status -z -uall [50ms]
2025-09-17 17:50:59.383 [info] > git config --get commit.template [9ms]
2025-09-17 17:50:59.385 [info] > git for-each-ref --format=%(refname)%00%(upstream:short)%00%(objectname)%00%(upstream:track)%00%(upstream:remotename)%00%(upstream:remoteref) refs/heads/feat/chandy-lamport-snapshot refs/remotes/feat/chandy-lamport-snapshot [3ms]
2025-09-17 17:50:59.393 [warning] [Git][revParse] Unable to read file: ENOENT: no such file or directory, open '/home/leozin/trab-distribuidos/.git/refs/remotes/origin/feat/chandy-lamport-snapshot'
2025-09-17 17:50:59.395 [info] > git rev-parse refs/remotes/origin/feat/chandy-lamport-snapshot [2ms]
2025-09-17 17:50:59.412 [info] > git for-each-ref --sort -committerdate --format %(refname)%00%(objectname)%00%(*objectname) [2ms]
2025-09-17 17:50:59.451 [info] > git status -z -uall [49ms]
2025-09-17 17:51:22.880 [info] > git config --get commit.template [17ms]
2025-09-17 17:51:22.882 [info] > git for-each-ref --format=%(refname)%00%(upstream:short)%00%(objectname)%00%(upstream:track)%00%(upstream:remotename)%00%(upstream:remoteref) refs/heads/feat/chandy-lamport-snapshot refs/remotes/feat/chandy-lamport-snapshot [5ms]
2025-09-17 17:51:22.893 [warning] [Git][revParse] Unable to read file: ENOENT: no such file or directory, open '/home/leozin/trab-distribuidos/.git/refs/remotes/origin/feat/chandy-lamport-snapshot'
2025-09-17 17:51:22.898 [info] > git rev-parse refs/remotes/origin/feat/chandy-lamport-snapshot [5ms]
2025-09-17 17:51:22.922 [info] > git for-each-ref --sort -committerdate --format %(refname)%00%(objectname)%00%(*objectname) [4ms]
2025-09-17 17:51:22.961 [info] > git status -z -uall [53ms]
2025-09-17 17:51:27.984 [info] > git config --get commit.template [9ms]
2025-09-17 17:51:27.986 [info] > git for-each-ref --format=%(refname)%00%(upstream:short)%00%(objectname)%00%(upstream:track)%00%(upstream:remotename)%00%(upstream:remoteref) refs/heads/feat/chandy-lamport-snapshot refs/remotes/feat/chandy-lamport-snapshot [3ms]
2025-09-17 17:51:27.993 [warning] [Git][revParse] Unable to read file: ENOENT: no such file or directory, open '/home/leozin/trab-distribuidos/.git/refs/remotes/origin/feat/chandy-lamport-snapshot'
2025-09-17 17:51:27.995 [info] > git rev-parse refs/remotes/origin/feat/chandy-lamport-snapshot [2ms]
2025-09-17 17:51:28.016 [info] > git for-each-ref --sort -committerdate --format %(refname)%00%(objectname)%00%(*objectname) [3ms]
2025-09-17 17:51:28.059 [info] > git status -z -uall [56ms]
2025-09-17 17:51:37.387 [info] > git config --get commit.template [9ms]
2025-09-17 17:51:37.389 [info] > git for-each-ref --format=%(refname)%00%(upstream:short)%00%(objectname)%00%(upstream:track)%00%(upstream:remotename)%00%(upstream:remoteref) refs/heads/feat/chandy-lamport-snapshot refs/remotes/feat/chandy-lamport-snapshot [3ms]
2025-09-17 17:51:37.397 [warning] [Git][revParse] Unable to read file: ENOENT: no such file or directory, open '/home/leozin/trab-distribuidos/.git/refs/remotes/origin/feat/chandy-lamport-snapshot'
2025-09-17 17:51:37.399 [info] > git rev-parse refs/remotes/origin/feat/chandy-lamport-snapshot [1ms]
2025-09-17 17:51:37.417 [info] > git for-each-ref --sort -committerdate --format %(refname)%00%(objectname)%00%(*objectname) [3ms]
2025-09-17 17:51:37.460 [info] > git status -z -uall [54ms]
2025-09-17 17:51:42.480 [info] > git config --get commit.template [8ms]
2025-09-17 17:51:42.482 [info] > git for-each-ref --format=%(refname)%00%(upstream:short)%00%(objectname)%00%(upstream:track)%00%(upstream:remotename)%00%(upstream:remoteref) refs/heads/feat/chandy-lamport-snapshot refs/remotes/feat/chandy-lamport-snapshot [3ms]
2025-09-17 17:51:42.489 [warning] [Git][revParse] Unable to read file: ENOENT: no such file or directory, open '/home/leozin/trab-distribuidos/.git/refs/remotes/origin/feat/chandy-lamport-snapshot'
2025-09-17 17:51:42.491 [info] > git rev-parse refs/remotes/origin/feat/chandy-lamport-snapshot [2ms]
2025-09-17 17:51:42.510 [info] > git for-each-ref --sort -committerdate --format %(refname)%00%(objectname)%00%(*objectname) [3ms]
2025-09-17 17:51:42.551 [info] > git status -z -uall [52ms]
2025-09-17 17:51:47.575 [info] > git config --get commit.template [10ms]
2025-09-17 17:51:47.577 [info] > git for-each-ref --format=%(refname)%00%(upstream:short)%00%(objectname)%00%(upstream:track)%00%(upstream:remotename)%00%(upstream:remoteref) refs/heads/feat/chandy-lamport-snapshot refs/remotes/feat/chandy-lamport-snapshot [3ms]
2025-09-17 17:51:47.584 [warning] [Git][revParse] Unable to read file: ENOENT: no such file or directory, open '/home/leozin/trab-distribuidos/.git/refs/remotes/origin/feat/chandy-lamport-snapshot'
2025-09-17 17:51:47.585 [info] > git rev-parse refs/remotes/origin/feat/chandy-lamport-snapshot [1ms]
2025-09-17 17:51:47.603 [info] > git for-each-ref --sort -committerdate --format %(refname)%00%(objectname)%00%(*objectname) [2ms]
2025-09-17 17:51:47.647 [info] > git status -z -uall [54ms]
2025-09-17 17:51:59.298 [info] > git config --get commit.template [10ms]
2025-09-17 17:51:59.299 [info] > git for-each-ref --format=%(refname)%00%(upstream:short)%00%(objectname)%00%(upstream:track)%00%(upstream:remotename)%00%(upstream:remoteref) refs/heads/feat/chandy-lamport-snapshot refs/remotes/feat/chandy-lamport-snapshot [2ms]
2025-09-17 17:51:59.307 [warning] [Git][revParse] Unable to read file: ENOENT: no such file or directory, open '/home/leozin/trab-distribuidos/.git/refs/remotes/origin/feat/chandy-lamport-snapshot'
2025-09-17 17:51:59.308 [info] > git rev-parse refs/remotes/origin/feat/chandy-lamport-snapshot [1ms]
2025-09-17 17:51:59.327 [info] > git for-each-ref --sort -committerdate --format %(refname)%00%(objectname)%00%(*objectname) [3ms]
2025-09-17 17:51:59.370 [info] > git status -z -uall [54ms]
2025-09-17 17:52:04.391 [info] > git config --get commit.template [8ms]
2025-09-17 17:52:04.393 [info] > git for-each-ref --format=%(refname)%00%(upstream:short)%00%(objectname)%00%(upstream:track)%00%(upstream:remotename)%00%(upstream:remoteref) refs/heads/feat/chandy-lamport-snapshot refs/remotes/feat/chandy-lamport-snapshot [3ms]
2025-09-17 17:52:04.400 [warning] [Git][revParse] Unable to read file: ENOENT: no such file or directory, open '/home/leozin/trab-distribuidos/.git/refs/remotes/origin/feat/chandy-lamport-snapshot'
2025-09-17 17:52:04.402 [info] > git rev-parse refs/remotes/origin/feat/chandy-lamport-snapshot [2ms]
2025-09-17 17:52:04.421 [info] > git for-each-ref --sort -committerdate --format %(refname)%00%(objectname)%00%(*objectname) [3ms]
2025-09-17 17:52:04.459 [info] > git status -z -uall [50ms]
2025-09-17 17:52:10.393 [info] > git config --get commit.template [9ms]
2025-09-17 17:52:10.394 [info] > git for-each-ref --format=%(refname)%00%(upstream:short)%00%(objectname)%00%(upstream:track)%00%(upstream:remotename)%00%(upstream:remoteref) refs/heads/feat/chandy-lamport-snapshot refs/remotes/feat/chandy-lamport-snapshot [2ms]
2025-09-17 17:52:10.402 [warning] [Git][revParse] Unable to read file: ENOENT: no such file or directory, open '/home/leozin/trab-distribuidos/.git/refs/remotes/origin/feat/chandy-lamport-snapshot'
2025-09-17 17:52:10.405 [info] > git rev-parse refs/remotes/origin/feat/chandy-lamport-snapshot [3ms]
2025-09-17 17:52:10.424 [info] > git for-each-ref --sort -committerdate --format %(refname)%00%(objectname)%00%(*objectname) [3ms]
2025-09-17 17:52:10.464 [info] > git status -z -uall [52ms]
2025-09-17 17:52:15.485 [info] > git config --get commit.template [9ms]
2025-09-17 17:52:15.487 [info] > git for-each-ref --format=%(refname)%00%(upstream:short)%00%(objectname)%00%(upstream:track)%00%(upstream:remotename)%00%(upstream:remoteref) refs/heads/feat/chandy-lamport-snapshot refs/remotes/feat/chandy-lamport-snapshot [3ms]
2025-09-17 17:52:15.494 [warning] [Git][revParse] Unable to read file: ENOENT: no such file or directory, open '/home/leozin/trab-distribuidos/.git/refs/remotes/origin/feat/chandy-lamport-snapshot'
2025-09-17 17:52:15.496 [info] > git rev-parse refs/remotes/origin/feat/chandy-lamport-snapshot [2ms]
2025-09-17 17:52:15.515 [info] > git for-each-ref --sort -committerdate --format %(refname)%00%(objectname)%00%(*objectname) [3ms]
2025-09-17 17:52:15.557 [info] > git status -z -uall [53ms]
2025-09-17 17:52:33.671 [info] > git ls-files --stage -- useDIMEX.go [2ms]
2025-09-17 17:52:33.696 [info] > git show --textconv :useDIMEX.go [37ms]
2025-09-17 17:52:33.696 [info] > git cat-file -s dce49ceee7470e0dd8cdd8474de20abbc33366be [17ms]
2025-09-17 17:52:35.790 [info] > git check-ignore -v -z --stdin [2ms]
2025-09-17 17:52:36.268 [info] > git show --textconv :DIMEX/DIMEX-Template.go [10ms]
2025-09-17 17:52:36.270 [info] > git ls-files --stage -- DIMEX/DIMEX-Template.go [3ms]
2025-09-17 17:52:36.280 [info] > git cat-file -s 71082303f39c81356d147e002b731cefeb49ab14 [2ms]
2025-09-17 17:52:54.493 [info] > git blame --root --incremental e776ae36332af45823a7084dc89c61d66ccd1ef8 -- DIMEX/DIMEX-Template.go [4ms]
2025-09-17 17:53:10.320 [info] > git config --get commit.template [9ms]
2025-09-17 17:53:10.322 [info] > git for-each-ref --format=%(refname)%00%(upstream:short)%00%(objectname)%00%(upstream:track)%00%(upstream:remotename)%00%(upstream:remoteref) refs/heads/feat/chandy-lamport-snapshot refs/remotes/feat/chandy-lamport-snapshot [3ms]
2025-09-17 17:53:10.330 [warning] [Git][revParse] Unable to read file: ENOENT: no such file or directory, open '/home/leozin/trab-distribuidos/.git/refs/remotes/origin/feat/chandy-lamport-snapshot'
2025-09-17 17:53:10.332 [info] > git rev-parse refs/remotes/origin/feat/chandy-lamport-snapshot [2ms]
2025-09-17 17:53:10.352 [info] > git for-each-ref --sort -committerdate --format %(refname)%00%(objectname)%00%(*objectname) [3ms]
2025-09-17 17:53:10.395 [info] > git status -z -uall [55ms]
2025-09-17 17:53:34.309 [info] > git config --get commit.template [10ms]
2025-09-17 17:53:34.310 [info] > git for-each-ref --format=%(refname)%00%(upstream:short)%00%(objectname)%00%(upstream:track)%00%(upstream:remotename)%00%(upstream:remoteref) refs/heads/feat/chandy-lamport-snapshot refs/remotes/feat/chandy-lamport-snapshot [2ms]
2025-09-17 17:53:34.317 [warning] [Git][revParse] Unable to read file: ENOENT: no such file or directory, open '/home/leozin/trab-distribuidos/.git/refs/remotes/origin/feat/chandy-lamport-snapshot'
2025-09-17 17:53:34.319 [info] > git rev-parse refs/remotes/origin/feat/chandy-lamport-snapshot [1ms]
2025-09-17 17:53:34.337 [info] > git for-each-ref --sort -committerdate --format %(refname)%00%(objectname)%00%(*objectname) [3ms]
2025-09-17 17:53:34.371 [info] > git status -z -uall [45ms]
2025-09-17 17:53:59.557 [info] > git config --get commit.template [11ms]
2025-09-17 17:53:59.560 [info] > git for-each-ref --format=%(refname)%00%(upstream:short)%00%(objectname)%00%(upstream:track)%00%(upstream:remotename)%00%(upstream:remoteref) refs/heads/feat/chandy-lamport-snapshot refs/remotes/feat/chandy-lamport-snapshot [5ms]
2025-09-17 17:53:59.573 [warning] [Git][revParse] Unable to read file: ENOENT: no such file or directory, open '/home/leozin/trab-distribuidos/.git/refs/remotes/origin/feat/chandy-lamport-snapshot'
2025-09-17 17:53:59.576 [info] > git rev-parse refs/remotes/origin/feat/chandy-lamport-snapshot [3ms]
2025-09-17 17:53:59.596 [info] > git for-each-ref --sort -committerdate --format %(refname)%00%(objectname)%00%(*objectname) [4ms]
2025-09-17 17:53:59.617 [info] > git status -z -uall [34ms]
2025-09-17 17:54:04.637 [info] > git config --get commit.template [2ms]
2025-09-17 17:54:04.649 [info] > git for-each-ref --format=%(refname)%00%(upstream:short)%00%(objectname)%00%(upstream:track)%00%(upstream:remotename)%00%(upstream:remoteref) refs/heads/feat/chandy-lamport-snapshot refs/remotes/feat/chandy-lamport-snapshot [2ms]
2025-09-17 17:54:04.658 [warning] [Git][revParse] Unable to read file: ENOENT: no such file or directory, open '/home/leozin/trab-distribuidos/.git/refs/remotes/origin/feat/chandy-lamport-snapshot'
2025-09-17 17:54:04.660 [info] > git rev-parse refs/remotes/origin/feat/chandy-lamport-snapshot [2ms]
2025-09-17 17:54:04.685 [info] > git for-each-ref --sort -committerdate --format %(refname)%00%(objectname)%00%(*objectname) [4ms]
2025-09-17 17:54:04.700 [info] > git status -z -uall [30ms]
