The selected window backend is x11 
Mono path[0] = '/home/leozin/.local/share/Steam/steamapps/common/Hollow Knight Silksong/Hollow Knight Silksong_Data/Managed'
Mono config path = '/home/leozin/.local/share/Steam/steamapps/common/Hollow Knight Silksong/Hollow Knight Silksong_Data/MonoBleedingEdge/etc'
Input System module state changed to: Initialized.
Display 0 'eDP-1 15"': 1366x768 (primary device).
[Physics::Module] Initialized fallback backend.
[Physics::Module] Id: 0xdecafbad
Desktop is 1366 x 768 @ 60 Hz
Initialize engine version: 6000.0.50f1-uum-100966-branch1 (359a00488d30)
[Subsystems] Discovering subsystems at path /home/leozin/.local/share/Steam/steamapps/common/Hollow Knight Silksong/Hollow Knight Silksong_Data/UnitySubsystems
GfxDevice: creating device client; kGfxThreadingModeThreaded
Renderer: AMD Radeon Vega 10 Graphics (radeonsi, raven, ACO, DRM 3.64, 6.16.8-arch1-1)
Vendor:   AMD
Version:  4.6 (Core Profile) Mesa 25.2.3-arch1.2
GLES:     0
 GL_AMD_conservative_depth GL_AMD_depth_clamp_separate GL_AMD_draw_buffers_blend GL_AMD_framebuffer_multisample_advanced GL_AMD_gpu_shader_int64 GL_AMD_multi_draw_indirect GL_AMD_performance_monitor GL_AMD_pinned_memory GL_AMD_query_buffer_object GL_AMD_seamless_cubemap_per_texture GL_AMD_shader_stencil_export GL_AMD_shader_trinary_minmax GL_AMD_texture_texture4 GL_AMD_vertex_shader_layer GL_AMD_vertex_shader_viewport_index GL_ANGLE_texture_compression_dxt3 GL_ANGLE_texture_compression_dxt5 GL_ARB_ES2_compatibility GL_ARB_ES3_1_compatibility GL_ARB_ES3_2_compatibility GL_ARB_ES3_compatibility GL_ARB_arrays_of_arrays GL_ARB_base_instance GL_ARB_bindless_texture GL_ARB_blend_func_extended GL_ARB_buffer_storage GL_ARB_clear_buffer_object GL_ARB_clear_texture GL_ARB_clip_control GL_ARB_color_buffer_float GL_ARB_compressed_texture_pixel_storage GL_ARB_compute_shader GL_ARB_compute_variable_group_size GL_ARB_conditional_render_inverted GL_ARB_conservative_depth GL_ARB_copy_buffer GL_ARB_copy_image GL_ARB_cull_dist
ance GL_ARB_debug_output GL_ARB_depth_buffer_float GL_ARB_depth_clamp GL_ARB_derivative_control GL_ARB_direct_state_access GL_ARB_draw_buffers GL_ARB_draw_buffers_blend GL_ARB_draw_elements_base_vertex GL_ARB_draw_indirect GL_ARB_draw_instanced GL_ARB_enhanced_layouts GL_ARB_explicit_attrib_location GL_ARB_explicit_uniform_location GL_ARB_fragment_coord_conventions GL_ARB_fragment_layer_viewport GL_ARB_fragment_shader GL_ARB_framebuffer_no_attachments GL_ARB_framebuffer_object GL_ARB_framebuffer_sRGB GL_ARB_get_program_binary GL_ARB_get_texture_sub_image GL_ARB_gl_spirv GL_ARB_gpu_shader5 GL_ARB_gpu_shader_fp64 GL_ARB_gpu_shader_int64 GL_ARB_half_float_pixel GL_ARB_half_float_vertex GL_ARB_indirect_parameters GL_ARB_instanced_arrays GL_ARB_internalformat_query GL_ARB_internalformat_query2 GL_ARB_invalidate_subdata GL_ARB_map_buffer_alignment GL_ARB_map_buffer_range GL_ARB_multi_bind GL_ARB_multi_draw_indirect GL_ARB_occlusion_query2 GL_ARB_parallel_shader_compile GL_ARB_pipeline_statistics_query GL_ARB_pixel
_buffer_object GL_ARB_point_sprite GL_ARB_polygon_offset_clamp GL_ARB_program_interface_query GL_ARB_provoking_vertex GL_ARB_query_buffer_object GL_ARB_robust_buffer_access_behavior GL_ARB_robustness GL_ARB_sample_shading GL_ARB_sampler_objects GL_ARB_seamless_cube_map GL_ARB_seamless_cubemap_per_texture GL_ARB_separate_shader_objects GL_ARB_shader_atomic_counter_ops GL_ARB_shader_atomic_counters GL_ARB_shader_ballot GL_ARB_shader_bit_encoding GL_ARB_shader_clock GL_ARB_shader_draw_parameters GL_ARB_shader_group_vote GL_ARB_shader_image_load_store GL_ARB_shader_image_size GL_ARB_shader_objects GL_ARB_shader_precision GL_ARB_shader_stencil_export GL_ARB_shader_storage_buffer_object GL_ARB_shader_subroutine GL_ARB_shader_texture_image_samples GL_ARB_shader_texture_lod GL_ARB_shader_viewport_layer_array GL_ARB_shading_language_420pack GL_ARB_shading_language_include GL_ARB_shading_language_packing GL_ARB_sparse_buffer GL_ARB_sparse_texture GL_ARB_sparse_texture2 GL_ARB_sparse_texture_clamp GL_ARB_spirv_extensio
ns GL_ARB_stencil_texturing GL_ARB_sync GL_ARB_tessellation_shader GL_ARB_texture_barrier GL_ARB_texture_border_clamp GL_ARB_texture_buffer_object GL_ARB_texture_buffer_object_rgb32 GL_ARB_texture_buffer_range GL_ARB_texture_compression_bptc GL_ARB_texture_compression_rgtc GL_ARB_texture_cube_map_array GL_ARB_texture_filter_anisotropic GL_ARB_texture_filter_minmax GL_ARB_texture_float GL_ARB_texture_gather GL_ARB_texture_mirror_clamp_to_edge GL_ARB_texture_multisample GL_ARB_texture_non_power_of_two GL_ARB_texture_query_levels GL_ARB_texture_query_lod GL_ARB_texture_rectangle GL_ARB_texture_rg GL_ARB_texture_rgb10_a2ui GL_ARB_texture_stencil8 GL_ARB_texture_storage GL_ARB_texture_storage_multisample GL_ARB_texture_swizzle GL_ARB_texture_view GL_ARB_timer_query GL_ARB_transform_feedback2 GL_ARB_transform_feedback3 GL_ARB_transform_feedback_instanced GL_ARB_transform_feedback_overflow_query GL_ARB_uniform_buffer_object GL_ARB_vertex_array_bgra GL_ARB_vertex_array_object GL_ARB_vertex_attrib_64bit GL_ARB_vertex
_attrib_binding GL_ARB_vertex_buffer_object GL_ARB_vertex_shader GL_ARB_vertex_type_10f_11f_11f_rev GL_ARB_vertex_type_2_10_10_10_rev GL_ARB_viewport_array GL_ATI_blend_equation_separate GL_ATI_meminfo GL_ATI_texture_float GL_ATI_texture_mirror_once GL_EXT_EGL_image_storage GL_EXT_EGL_image_storage_compression GL_EXT_EGL_sync GL_EXT_abgr GL_EXT_blend_equation_separate GL_EXT_debug_label GL_EXT_demote_to_helper_invocation GL_EXT_depth_bounds_test GL_EXT_draw_buffers2 GL_EXT_draw_instanced GL_EXT_framebuffer_blit GL_EXT_framebuffer_multisample GL_EXT_framebuffer_multisample_blit_scaled GL_EXT_framebuffer_object GL_EXT_framebuffer_sRGB GL_EXT_memory_object GL_EXT_memory_object_fd GL_EXT_packed_depth_stencil GL_EXT_packed_float GL_EXT_pixel_buffer_object GL_EXT_polygon_offset_clamp GL_EXT_provoking_vertex GL_EXT_semaphore GL_EXT_semaphore_fd GL_EXT_shader_clock GL_EXT_shader_image_load_formatted GL_EXT_shader_image_load_store GL_EXT_shader_integer_mix GL_EXT_shader_samples_identical GL_EXT_texture_array GL_EXT_t
exture_compression_dxt1 GL_EXT_texture_compression_rgtc GL_EXT_texture_compression_s3tc GL_EXT_texture_filter_anisotropic GL_EXT_texture_filter_minmax GL_EXT_texture_integer GL_EXT_texture_mirror_clamp GL_EXT_texture_sRGB GL_EXT_texture_sRGB_R8 GL_EXT_texture_sRGB_decode GL_EXT_texture_shadow_lod GL_EXT_texture_shared_exponent GL_EXT_texture_snorm GL_EXT_texture_storage GL_EXT_texture_swizzle GL_EXT_timer_query GL_EXT_transform_feedback GL_EXT_vertex_array_bgra GL_EXT_vertex_attrib_64bit GL_EXT_window_rectangles GL_IBM_multimode_draw_arrays GL_INTEL_blackhole_render GL_KHR_blend_equation_advanced GL_KHR_context_flush_control GL_KHR_debug GL_KHR_no_error GL_KHR_parallel_shader_compile GL_KHR_robust_buffer_access_behavior GL_KHR_robustness GL_KHR_shader_subgroup GL_KHR_texture_compression_astc_ldr GL_KHR_texture_compression_astc_sliced_3d GL_MESA_framebuffer_flip_y GL_MESA_pack_invert GL_MESA_shader_integer_functions GL_MESA_texture_const_bandwidth GL_MESA_texture_signed_rgba GL_NVX_gpu_memory_info GL_NV_alpha
_to_coverage_dither_control GL_NV_compute_shader_derivatives GL_NV_conditional_render GL_NV_copy_image GL_NV_depth_clamp GL_NV_packed_depth_stencil GL_NV_shader_atomic_int64 GL_NV_texture_barrier GL_NV_vdpau_interop GL_OES_EGL_image GL_S3_s3tc
OPENGL LOG: Creating OpenGL 4.6 graphics device ; Context level  <OpenGL 4.5> ; Context handle 730093344
Begin MonoManager ReloadAssembly
- Loaded All Assemblies, in  0.169 seconds
- Finished resetting the current domain, in  0.006 seconds
[Physics::Module] Selected backend.
[Physics::Module] Name: PhysX
[Physics::Module] Id: 0xf2b8ea05
[Physics::Module] SDK Version: 4.1.2
[Physics::Module] Integration Version: 1.0.0
[Physics::Module] Threading Mode: Multi-Threaded
Default vsync count 1
requesting resize 1350 x 727
requesting fullscreen 1350 x 727 at 0/1 Hz
Setting up downscaled viewport at 1350 x 727
Desktop is 1366 x 768 @ 60 Hz
UnloadTime: 1.215588 ms
Steam initializing
[S_API] SteamAPI_Init(): Loaded '/home/leozin/.local/share/Steam/linux64/steamclient.so' OK.
Setting breakpad minidump AppID = 1030300
SteamInternal_SetMinidumpSteamID:  Caching Steam ID:  76561198079049942 [API loaded no]
Steam logged in as Leléo
Selected online subsystem SteamOnlineSubsystem
Steam stats received.
Unloading 5 Unused Serialized files (Serialized files now loaded: 527)
UnloadTime: 2.981874 ms
Discovered supported languages: DE, EN, ES, FR, IT, JA, KO, PT, RU, ZH
Loaded saved language code 'PT'
Restored language code 'PT'
Couldn't find a Game Manager, make sure one exists in the scene.
Couldn't find GameCameras, make sure one exists in the scene.
Unloading 51 unused Assets to reduce memory usage. Loaded Objects now: 5762.
Total: 6.908350 ms (FindLiveObjects: 0.500343 ms CreateObjectMapping: 0.221327 ms MarkObjects: 6.088343 ms  DeleteObjects: 0.087442 ms)

Unloading 2 Unused Serialized files (Serialized files now loaded: 527)
Unloading 1 unused Assets to reduce memory usage. Loaded Objects now: 12992.
Total: 17.027234 ms (FindLiveObjects: 2.047048 ms CreateObjectMapping: 1.731785 ms MarkObjects: 13.150066 ms  DeleteObjects: 0.089258 ms)

Unloading 1 Unused Serialized files (Serialized files now loaded: 580)
Couldn't find GameCameras, make sure one exists in the scene.
Couldn't find a Game Manager, make sure one exists in the scene.
UnloadTime: 17.817418 ms
Loaded saved language code 'PT'
Restored language code 'PT'
Unloading 73 unused Assets to reduce memory usage. Loaded Objects now: 66263.
Total: 66.699259 ms (FindLiveObjects: 6.503061 ms CreateObjectMapping: 4.953353 ms MarkObjects: 54.724903 ms  DeleteObjects: 0.509492 ms)

MenuButton missing flashEffect!
Making UI menu lean.
Only custom filters can be played. Please add a custom filter or an audioclip to the audiosource (Audio Player Actor Distant V2(Clone)).
Only custom filters can be played. Please add a custom filter or an audioclip to the audiosource (Audio Player Actor Distant V2(Clone)).
Only custom filters can be played. Please add a custom filter or an audioclip to the audiosource (Audio Player Actor Distant V2(Clone)).
Unloading 3 Unused Serialized files (Serialized files now loaded: 566)
Unloading 117 unused Assets to reduce memory usage. Loaded Objects now: 109850.
Total: 101.409467 ms (FindLiveObjects: 11.913595 ms CreateObjectMapping: 7.430484 ms MarkObjects: 81.146556 ms  DeleteObjects: 0.908915 ms)

Converting Vertex Colors from Color32 to Color.
Converting Vertex Colors from Color32 to Color.
Converting Vertex Colors from Color32 to Color.
Attempting to set `time` on an audio source that has a resource assigned that is not a clip is ignored!
Coroutine couldn't be started because the the game object 'CutsceneScreen' is inactive!
Unloading 2 Unused Serialized files (Serialized files now loaded: 579)
Unloading 4659 unused Assets to reduce memory usage. Loaded Objects now: 136705.
Total: 149.674610 ms (FindLiveObjects: 14.032789 ms CreateObjectMapping: 6.875315 ms MarkObjects: 113.814675 ms  DeleteObjects: 14.942332 ms)

Unloading 1 Unused Serialized files (Serialized files now loaded: 579)
Unloading 2400 unused Assets to reduce memory usage. Loaded Objects now: 136963.
Total: 141.591320 ms (FindLiveObjects: 11.157703 ms CreateObjectMapping: 6.188217 ms MarkObjects: 112.941519 ms  DeleteObjects: 11.294802 ms)

Unloading 1 Unused Serialized files (Serialized files now loaded: 579)
Unloading 2400 unused Assets to reduce memory usage. Loaded Objects now: 136994.
Total: 155.841664 ms (FindLiveObjects: 17.246396 ms CreateObjectMapping: 6.964572 ms MarkObjects: 118.371050 ms  DeleteObjects: 13.250636 ms)

Coroutine couldn't be started because the the game object 'Charge Hit' is inactive!
Unloading 1 Unused Serialized files (Serialized files now loaded: 579)
Unloading 2400 unused Assets to reduce memory usage. Loaded Objects now: 137028.
Total: 136.847421 ms (FindLiveObjects: 11.839075 ms CreateObjectMapping: 5.437842 ms MarkObjects: 108.368242 ms  DeleteObjects: 11.193252 ms)

Unloading 1 Unused Serialized files (Serialized files now loaded: 579)
Unloading 2400 unused Assets to reduce memory usage. Loaded Objects now: 137058.
Total: 143.032284 ms (FindLiveObjects: 11.120338 ms CreateObjectMapping: 5.661683 ms MarkObjects: 115.142846 ms  DeleteObjects: 11.099316 ms)

The key you just pressed is not recognized by SDL. To help get this fixed, please report this to the SDL forums/mailing list <https://discourse.libsdl.org/> X11 KeyCode 151 (143), X11 KeySym 0x1008FF2B (XF86WakeUp).
The key you just pressed is not recognized by SDL. To help get this fixed, please report this to the SDL forums/mailing list <https://discourse.libsdl.org/> X11 KeyCode 151 (143), X11 KeySym 0x1008FF2B (XF86WakeUp).
The key you just pressed is not recognized by SDL. To help get this fixed, please report this to the SDL forums/mailing list <https://discourse.libsdl.org/> X11 KeyCode 151 (143), X11 KeySym 0x1008FF2B (XF86WakeUp).
The key you just pressed is not recognized by SDL. To help get this fixed, please report this to the SDL forums/mailing list <https://discourse.libsdl.org/> X11 KeyCode 151 (143), X11 KeySym 0x1008FF2B (XF86WakeUp).
Unloading 1 Unused Serialized files (Serialized files now loaded: 579)
Unloading 2400 unused Assets to reduce memory usage. Loaded Objects now: 137090.
Total: 125.621482 ms (FindLiveObjects: 12.058586 ms CreateObjectMapping: 5.690667 ms MarkObjects: 94.684939 ms  DeleteObjects: 13.178770 ms)

Unloading 1 Unused Serialized files (Serialized files now loaded: 579)
Unloading 2400 unused Assets to reduce memory usage. Loaded Objects now: 137118.
Total: 139.538475 ms (FindLiveObjects: 11.036459 ms CreateObjectMapping: 5.709595 ms MarkObjects: 110.657430 ms  DeleteObjects: 12.126471 ms)

Coroutine couldn't be started because the the game object 'Circle Slash Mutli' is inactive!
Unloading 1 Unused Serialized files (Serialized files now loaded: 579)
Unloading 2400 unused Assets to reduce memory usage. Loaded Objects now: 137146.
Total: 157.079531 ms (FindLiveObjects: 13.609132 ms CreateObjectMapping: 7.347791 ms MarkObjects: 122.298295 ms  DeleteObjects: 13.816212 ms)

Unloading 1 Unused Serialized files (Serialized files now loaded: 579)
Unloading 2400 unused Assets to reduce memory usage. Loaded Objects now: 137175.
Total: 151.392845 ms (FindLiveObjects: 11.319455 ms CreateObjectMapping: 6.851290 ms MarkObjects: 119.951139 ms  DeleteObjects: 13.261950 ms)

Unloading 1 Unused Serialized files (Serialized files now loaded: 579)
Unloading 2400 unused Assets to reduce memory usage. Loaded Objects now: 137203.
Total: 140.367700 ms (FindLiveObjects: 12.989291 ms CreateObjectMapping: 6.856318 ms MarkObjects: 109.135169 ms  DeleteObjects: 11.379379 ms)

Unloading 1 Unused Serialized files (Serialized files now loaded: 579)
Unloading 2400 unused Assets to reduce memory usage. Loaded Objects now: 137231.
Total: 147.572387 ms (FindLiveObjects: 11.868338 ms CreateObjectMapping: 5.695207 ms MarkObjects: 116.962701 ms  DeleteObjects: 13.036643 ms)

Unloading 1 Unused Serialized files (Serialized files now loaded: 579)
Unloading 2400 unused Assets to reduce memory usage. Loaded Objects now: 137259.
Total: 146.003822 ms (FindLiveObjects: 11.164617 ms CreateObjectMapping: 5.791657 ms MarkObjects: 117.873780 ms  DeleteObjects: 11.166503 ms)

Unloading 1 Unused Serialized files (Serialized files now loaded: 579)
Unloading 2400 unused Assets to reduce memory usage. Loaded Objects now: 137287.
Total: 151.557391 ms (FindLiveObjects: 15.940294 ms CreateObjectMapping: 6.954306 ms MarkObjects: 116.397196 ms  DeleteObjects: 12.246598 ms)

Unloading 1 Unused Serialized files (Serialized files now loaded: 579)
Unloading 2400 unused Assets to reduce memory usage. Loaded Objects now: 137315.
Total: 145.556279 ms (FindLiveObjects: 16.416472 ms CreateObjectMapping: 7.644826 ms MarkObjects: 107.789608 ms  DeleteObjects: 13.691405 ms)

Coroutine couldn't be started because the the game object 'Circle Slash Mutli' is inactive!
Unloading 1 Unused Serialized files (Serialized files now loaded: 579)
Unloading 2400 unused Assets to reduce memory usage. Loaded Objects now: 137343.
Total: 152.850013 ms (FindLiveObjects: 16.613215 ms CreateObjectMapping: 7.114731 ms MarkObjects: 115.936663 ms  DeleteObjects: 13.176815 ms)

Unloading 1 Unused Serialized files (Serialized files now loaded: 579)
Unloading 2400 unused Assets to reduce memory usage. Loaded Objects now: 137371.
Total: 146.838495 ms (FindLiveObjects: 12.839341 ms CreateObjectMapping: 6.894940 ms MarkObjects: 115.851386 ms  DeleteObjects: 11.243817 ms)

Coroutine couldn't be started because the the game object 'Circle Slash Mutli' is inactive!
Unloading 1 Unused Serialized files (Serialized files now loaded: 579)
Unloading 2400 unused Assets to reduce memory usage. Loaded Objects now: 137399.
Total: 150.265816 ms (FindLiveObjects: 12.376573 ms CreateObjectMapping: 5.933785 ms MarkObjects: 119.419088 ms  DeleteObjects: 12.528757 ms)

Unloading 1 Unused Serialized files (Serialized files now loaded: 579)
Unloading 2400 unused Assets to reduce memory usage. Loaded Objects now: 137431.
Total: 145.172570 ms (FindLiveObjects: 15.974377 ms CreateObjectMapping: 6.812248 ms MarkObjects: 111.245354 ms  DeleteObjects: 11.132002 ms)

Shutting down Steam API.
Couldn't find a Game Manager, make sure one exists in the scene.
Couldn't find a Game Manager, make sure one exists in the scene.
Couldn't find a Game Manager, make sure one exists in the scene.
Couldn't find a Game Manager, make sure one exists in the scene.
Couldn't find a Game Manager, make sure one exists in the scene.
Couldn't find a Game Manager, make sure one exists in the scene.
Couldn't find a Game Manager, make sure one exists in the scene.
Assertion 'pa_atomic_load(&(c)->_ref) >= 1' failed at pulse/context.c:1063, function pa_context_get_state(). Aborting.
Caught fatal signal - signo:6 code:-6 errno:0 addr:0x3e800000ca2
Assertion 'pthread_mutex_destroy(&m->mutex) == 0' failed at pulsecore/mutex-posix.c:83, function pa_mutex_free(). Aborting.
Caught fatal signal - signo:6 code:-6 errno:0 addr:0x3e800000ca2
Obtained 8 stack frames.
#0  0x007effa483e410 in gsignal
#1  0x007effa482557a in abort
#2  0x007efefc3be43d in pa_context_get_state
#3  0x007eff0e61ca8a in pa_simple_write
#4  0x007effa545007d in (Unknown)
#5  0x007effa5418b94 in (Unknown)
#6  0x007effa48969cb in (Unknown)
#7  0x007effa491aa0c in (Unknown)
